<?xml version="1.0" encoding="UTF-8"?>
<testng-results skipped="0" failed="0" total="1" passed="1">
  <reporter-output>
  </reporter-output>
  <suite name="Default suite" duration-ms="16075" started-at="2021-06-23T05:08:05Z" finished-at="2021-06-23T05:08:21Z">
    <groups>
    </groups>
    <test name="Default test" duration-ms="16075" started-at="2021-06-23T05:08:05Z" finished-at="2021-06-23T05:08:21Z">
      <class name="com.LottomaniaWeb.qa.testcases.GamePageTest">
        <test-method status="PASS" signature="setUp()[pri:0, instance:com.LottomaniaWeb.qa.testcases.GamePageTest@4b9e13df]" name="setUp" is-config="true" duration-ms="13813" started-at="2021-06-23T10:38:05Z" finished-at="2021-06-23T10:38:19Z">
          <reporter-output>
          </reporter-output>
        </test-method> <!-- setUp -->
        <test-method status="PASS" signature="selectBetPlaceTypeTest()[pri:0, instance:com.LottomaniaWeb.qa.testcases.GamePageTest@4b9e13df]" name="selectBetPlaceTypeTest" duration-ms="620" started-at="2021-06-23T10:38:19Z" finished-at="2021-06-23T10:38:20Z">
          <reporter-output>
          </reporter-output>
        </test-method> <!-- selectBetPlaceTypeTest -->
        <test-method status="PASS" signature="tearDown()[pri:0, instance:com.LottomaniaWeb.qa.testcases.GamePageTest@4b9e13df]" name="tearDown" is-config="true" duration-ms="1609" started-at="2021-06-23T10:38:20Z" finished-at="2021-06-23T10:38:21Z">
          <reporter-output>
          </reporter-output>
        </test-method> <!-- tearDown -->
      </class> <!-- com.LottomaniaWeb.qa.testcases.GamePageTest -->
    </test> <!-- Default test -->
  </suite> <!-- Default suite -->
</testng-results>
