<?xml version="1.0" encoding="UTF-8"?>
<!-- Generated by org.testng.reporters.JUnitXMLReporter -->
<testsuite hostname="akashd" name="Lottomania Web Player Test Cases" tests="26" failures="3" timestamp="21 Jul 2021 15:42:11 GMT" time="1111.817" errors="0">
  <testcase name="@BeforeMethod setUp" time="0.0" classname="com.LottomaniaWeb.qa.testcases.BetPlacePageForPerm5Test">
    <failure type="org.openqa.selenium.ElementClickInterceptedException" message="element click intercepted: Element &amp;lt;button class=&amp;quot;btn btn-default dropdown-toggle dropdown-button-white ng-binding&amp;quot; type=&amp;quot;button&amp;quot; id=&amp;quot;banker&amp;quot; data-toggle=&amp;quot;dropdown&amp;quot; aria-haspopup=&amp;quot;true&amp;quot; aria-expanded=&amp;quot;false&amp;quot;&amp;gt;...&amp;lt;/button&amp;gt; is not clickable at point (1147, 138). Other element would receive the click: &amp;lt;div class=&amp;quot;modal fade show&amp;quot; id=&amp;quot;loginModel&amp;quot; tabindex=&amp;quot;-1&amp;quot; role=&amp;quot;dialog&amp;quot; aria-labelledby=&amp;quot;exampleModalCenterTitle&amp;quot; style=&amp;quot;display: block;&amp;quot;&amp;gt;...&amp;lt;/div&amp;gt;
  (Session info: chrome=91.0.4472.164)
Build info: version: &amp;apos;3.141.59&amp;apos;, revision: &amp;apos;e82be7d358&amp;apos;, time: &amp;apos;2018-11-14T08:17:03&amp;apos;
System info: host: &amp;apos;AKASHD&amp;apos;, ip: &amp;apos;10.1.7.176&amp;apos;, os.name: &amp;apos;Windows 10&amp;apos;, os.arch: &amp;apos;amd64&amp;apos;, os.version: &amp;apos;10.0&amp;apos;, java.version: &amp;apos;1.8.0_66&amp;apos;
Driver info: org.openqa.selenium.chrome.ChromeDriver
Capabilities {acceptInsecureCerts: false, browserName: chrome, browserVersion: 91.0.4472.164, chrome: {chromedriverVersion: 90.0.4430.24 (4c6d850f087da..., userDataDir: C:\Users\akashd\AppData\Loc...}, goog:chromeOptions: {debuggerAddress: localhost:55649}, javascriptEnabled: true, networkConnectionEnabled: false, pageLoadStrategy: normal, platform: WINDOWS, platformName: WINDOWS, proxy: Proxy(), setWindowRect: true, strictFileInteractability: false, timeouts: {implicit: 0, pageLoad: 300000, script: 30000}, unhandledPromptBehavior: dismiss and notify, webauthn:extension:largeBlob: true, webauthn:virtualAuthenticators: true}
Session ID: d91ae54aa4ceed4ec216cee0ef3ef68e">
      <![CDATA[org.openqa.selenium.ElementClickInterceptedException: element click intercepted: Element <button class="btn btn-default dropdown-toggle dropdown-button-white ng-binding" type="button" id="banker" data-toggle="dropdown" aria-haspopup="true" aria-expanded="false">...</button> is not clickable at point (1147, 138). Other element would receive the click: <div class="modal fade show" id="loginModel" tabindex="-1" role="dialog" aria-labelledby="exampleModalCenterTitle" style="display: block;">...</div>
  (Session info: chrome=91.0.4472.164)
Build info: version: '3.141.59', revision: 'e82be7d358', time: '2018-11-14T08:17:03'
System info: host: 'AKASHD', ip: '10.1.7.176', os.name: 'Windows 10', os.arch: 'amd64', os.version: '10.0', java.version: '1.8.0_66'
Driver info: org.openqa.selenium.chrome.ChromeDriver
Capabilities {acceptInsecureCerts: false, browserName: chrome, browserVersion: 91.0.4472.164, chrome: {chromedriverVersion: 90.0.4430.24 (4c6d850f087da..., userDataDir: C:\Users\akashd\AppData\Loc...}, goog:chromeOptions: {debuggerAddress: localhost:55649}, javascriptEnabled: true, networkConnectionEnabled: false, pageLoadStrategy: normal, platform: WINDOWS, platformName: WINDOWS, proxy: Proxy(), setWindowRect: true, strictFileInteractability: false, timeouts: {implicit: 0, pageLoad: 300000, script: 30000}, unhandledPromptBehavior: dismiss and notify, webauthn:extension:largeBlob: true, webauthn:virtualAuthenticators: true}
Session ID: d91ae54aa4ceed4ec216cee0ef3ef68e
	at org.openqa.selenium.remote.http.W3CHttpResponseCodec.createException(W3CHttpResponseCodec.java:187)
	at org.openqa.selenium.remote.http.W3CHttpResponseCodec.decode(W3CHttpResponseCodec.java:122)
	at org.openqa.selenium.remote.http.W3CHttpResponseCodec.decode(W3CHttpResponseCodec.java:49)
	at org.openqa.selenium.remote.HttpCommandExecutor.execute(HttpCommandExecutor.java:158)
	at org.openqa.selenium.remote.service.DriverCommandExecutor.execute(DriverCommandExecutor.java:83)
	at org.openqa.selenium.remote.RemoteWebDriver.execute(RemoteWebDriver.java:552)
	at org.openqa.selenium.remote.RemoteWebElement.execute(RemoteWebElement.java:285)
	at org.openqa.selenium.remote.RemoteWebElement.click(RemoteWebElement.java:84)
	at org.openqa.selenium.support.events.EventFiringWebDriver$EventFiringWebElement.lambda$new$0(EventFiringWebDriver.java:404)
	at com.sun.proxy.$Proxy12.click(Unknown Source)
	at org.openqa.selenium.support.events.EventFiringWebDriver$EventFiringWebElement.click(EventFiringWebDriver.java:417)
	at org.openqa.selenium.support.pagefactory.internal.LocatingElementHandler.invoke(LocatingElementHandler.java:51)
	at com.sun.proxy.$Proxy11.click(Unknown Source)
	at com.LottomaniaWeb.qa.pages.HomePage.selectGame(HomePage.java:34)
	at com.LottomaniaWeb.qa.testcases.BetPlacePageForPerm5Test.setUp(BetPlacePageForPerm5Test.java:29)
... Removed 36 stack frames]]>
    </failure>
  </testcase> <!-- @BeforeMethod setUp -->
  <testcase name="@AfterMethod tearDown" time="0.0" classname="com.LottomaniaWeb.qa.testcases.BetPlacePageForPerm5Test">
    <skipped/>
  </testcase> <!-- @AfterMethod tearDown -->
  <testcase name="@BeforeMethod setUp" time="0.0" classname="com.LottomaniaWeb.qa.testcases.BetPlacePageForPerm5Test">
    <skipped/>
  </testcase> <!-- @BeforeMethod setUp -->
  <testcase name="@AfterMethod tearDown" time="0.0" classname="com.LottomaniaWeb.qa.testcases.BetPlacePageForPerm5Test">
    <skipped/>
  </testcase> <!-- @AfterMethod tearDown -->
  <testcase name="@BeforeMethod setUp" time="0.0" classname="com.LottomaniaWeb.qa.testcases.BetPlacePageForPerm5Test">
    <skipped/>
  </testcase> <!-- @BeforeMethod setUp -->
  <testcase name="@AfterMethod tearDown" time="0.0" classname="com.LottomaniaWeb.qa.testcases.BetPlacePageForPerm5Test">
    <skipped/>
  </testcase> <!-- @AfterMethod tearDown -->
  <testcase name="BankerAllBetSelection" time="2.807" classname="com.LottomaniaWeb.qa.testcases.BetPlacePageForBankerAllTest">
    <failure type="org.openqa.selenium.ElementClickInterceptedException" message="element click intercepted: Element &amp;lt;button class=&amp;quot;btn btn-primary dropdown-toggle perm-ch ng-binding&amp;quot; type=&amp;quot;button&amp;quot; id=&amp;quot;Perm&amp;quot; data-toggle=&amp;quot;dropdown&amp;quot; aria-haspopup=&amp;quot;true&amp;quot; aria-expanded=&amp;quot;false&amp;quot;&amp;gt;...&amp;lt;/button&amp;gt; is not clickable at point (519, 310). Other element would receive the click: &amp;lt;div class=&amp;quot;col-sm-5 welcome-box float-left no-padding hide-mbl show-ipad&amp;quot;&amp;gt;...&amp;lt;/div&amp;gt;
  (Session info: chrome=91.0.4472.164)
Build info: version: &amp;apos;3.141.59&amp;apos;, revision: &amp;apos;e82be7d358&amp;apos;, time: &amp;apos;2018-11-14T08:17:03&amp;apos;
System info: host: &amp;apos;AKASHD&amp;apos;, ip: &amp;apos;10.1.7.176&amp;apos;, os.name: &amp;apos;Windows 10&amp;apos;, os.arch: &amp;apos;amd64&amp;apos;, os.version: &amp;apos;10.0&amp;apos;, java.version: &amp;apos;1.8.0_66&amp;apos;
Driver info: org.openqa.selenium.chrome.ChromeDriver
Capabilities {acceptInsecureCerts: false, browserName: chrome, browserVersion: 91.0.4472.164, chrome: {chromedriverVersion: 90.0.4430.24 (4c6d850f087da..., userDataDir: C:\Users\akashd\AppData\Loc...}, goog:chromeOptions: {debuggerAddress: localhost:58892}, javascriptEnabled: true, networkConnectionEnabled: false, pageLoadStrategy: normal, platform: WINDOWS, platformName: WINDOWS, proxy: Proxy(), setWindowRect: true, strictFileInteractability: false, timeouts: {implicit: 0, pageLoad: 300000, script: 30000}, unhandledPromptBehavior: dismiss and notify, webauthn:extension:largeBlob: true, webauthn:virtualAuthenticators: true}
Session ID: 3e4ef51b511a103e39ad7d3a236a349a">
      <![CDATA[org.openqa.selenium.ElementClickInterceptedException: element click intercepted: Element <button class="btn btn-primary dropdown-toggle perm-ch ng-binding" type="button" id="Perm" data-toggle="dropdown" aria-haspopup="true" aria-expanded="false">...</button> is not clickable at point (519, 310). Other element would receive the click: <div class="col-sm-5 welcome-box float-left no-padding hide-mbl show-ipad">...</div>
  (Session info: chrome=91.0.4472.164)
Build info: version: '3.141.59', revision: 'e82be7d358', time: '2018-11-14T08:17:03'
System info: host: 'AKASHD', ip: '10.1.7.176', os.name: 'Windows 10', os.arch: 'amd64', os.version: '10.0', java.version: '1.8.0_66'
Driver info: org.openqa.selenium.chrome.ChromeDriver
Capabilities {acceptInsecureCerts: false, browserName: chrome, browserVersion: 91.0.4472.164, chrome: {chromedriverVersion: 90.0.4430.24 (4c6d850f087da..., userDataDir: C:\Users\akashd\AppData\Loc...}, goog:chromeOptions: {debuggerAddress: localhost:58892}, javascriptEnabled: true, networkConnectionEnabled: false, pageLoadStrategy: normal, platform: WINDOWS, platformName: WINDOWS, proxy: Proxy(), setWindowRect: true, strictFileInteractability: false, timeouts: {implicit: 0, pageLoad: 300000, script: 30000}, unhandledPromptBehavior: dismiss and notify, webauthn:extension:largeBlob: true, webauthn:virtualAuthenticators: true}
Session ID: 3e4ef51b511a103e39ad7d3a236a349a
	at org.openqa.selenium.remote.http.W3CHttpResponseCodec.createException(W3CHttpResponseCodec.java:187)
	at org.openqa.selenium.remote.http.W3CHttpResponseCodec.decode(W3CHttpResponseCodec.java:122)
	at org.openqa.selenium.remote.http.W3CHttpResponseCodec.decode(W3CHttpResponseCodec.java:49)
	at org.openqa.selenium.remote.HttpCommandExecutor.execute(HttpCommandExecutor.java:158)
	at org.openqa.selenium.remote.service.DriverCommandExecutor.execute(DriverCommandExecutor.java:83)
	at org.openqa.selenium.remote.RemoteWebDriver.execute(RemoteWebDriver.java:552)
	at org.openqa.selenium.remote.RemoteWebElement.execute(RemoteWebElement.java:285)
	at org.openqa.selenium.remote.RemoteWebElement.click(RemoteWebElement.java:84)
	at org.openqa.selenium.support.events.EventFiringWebDriver$EventFiringWebElement.lambda$new$0(EventFiringWebDriver.java:404)
	at com.sun.proxy.$Proxy12.click(Unknown Source)
	at org.openqa.selenium.support.events.EventFiringWebDriver$EventFiringWebElement.click(EventFiringWebDriver.java:417)
	at org.openqa.selenium.support.pagefactory.internal.LocatingElementHandler.invoke(LocatingElementHandler.java:51)
	at com.sun.proxy.$Proxy11.click(Unknown Source)
	at com.LottomaniaWeb.qa.pages.BetPlacePageForBankerAll.betTypeSelection(BetPlacePageForBankerAll.java:61)
	at com.LottomaniaWeb.qa.testcases.BetPlacePageForBankerAllTest.BankerAllBetSelection(BetPlacePageForBankerAllTest.java:39)
... Removed 34 stack frames]]>
    </failure>
  </testcase> <!-- BankerAllBetSelection -->
  <testcase name="FirstNumberBetSelection" time="11.475" classname="com.LottomaniaWeb.qa.testcases.BetPlacePageForFirstNumberTest"/>
  <testcase name="PermAgainstBetSelection" time="25.336" classname="com.LottomaniaWeb.qa.testcases.BetPlacePageForPermAgainstTest"/>
  <testcase name="Nap2BetSelection" time="33.807" classname="com.LottomaniaWeb.qa.testcases.BetPlacePageTest"/>
  <testcase name="Nap3BetSelection" time="14.818" classname="com.LottomaniaWeb.qa.testcases.BetPlacePageTest"/>
  <testcase name="Nap2BetSelection" time="3.942" classname="com.LottomaniaWeb.qa.testcases.BetPlacePageForNap2Test">
    <failure type="org.openqa.selenium.ElementClickInterceptedException" message="element click intercepted: Element &amp;lt;button class=&amp;quot;btn btn-primary dropdown-toggle perm-ch ng-binding&amp;quot; type=&amp;quot;button&amp;quot; id=&amp;quot;Perm&amp;quot; data-toggle=&amp;quot;dropdown&amp;quot; aria-haspopup=&amp;quot;true&amp;quot; aria-expanded=&amp;quot;false&amp;quot;&amp;gt;...&amp;lt;/button&amp;gt; is not clickable at point (519, 310). Other element would receive the click: &amp;lt;div class=&amp;quot;col-sm-5 welcome-box float-left no-padding hide-mbl show-ipad&amp;quot;&amp;gt;...&amp;lt;/div&amp;gt;
  (Session info: chrome=91.0.4472.164)
Build info: version: &amp;apos;3.141.59&amp;apos;, revision: &amp;apos;e82be7d358&amp;apos;, time: &amp;apos;2018-11-14T08:17:03&amp;apos;
System info: host: &amp;apos;AKASHD&amp;apos;, ip: &amp;apos;10.1.7.176&amp;apos;, os.name: &amp;apos;Windows 10&amp;apos;, os.arch: &amp;apos;amd64&amp;apos;, os.version: &amp;apos;10.0&amp;apos;, java.version: &amp;apos;1.8.0_66&amp;apos;
Driver info: org.openqa.selenium.chrome.ChromeDriver
Capabilities {acceptInsecureCerts: false, browserName: chrome, browserVersion: 91.0.4472.164, chrome: {chromedriverVersion: 90.0.4430.24 (4c6d850f087da..., userDataDir: C:\Users\akashd\AppData\Loc...}, goog:chromeOptions: {debuggerAddress: localhost:64927}, javascriptEnabled: true, networkConnectionEnabled: false, pageLoadStrategy: normal, platform: WINDOWS, platformName: WINDOWS, proxy: Proxy(), setWindowRect: true, strictFileInteractability: false, timeouts: {implicit: 0, pageLoad: 300000, script: 30000}, unhandledPromptBehavior: dismiss and notify, webauthn:extension:largeBlob: true, webauthn:virtualAuthenticators: true}
Session ID: de25b6fdac1ece0b1c27961e323a3cb6">
      <![CDATA[org.openqa.selenium.ElementClickInterceptedException: element click intercepted: Element <button class="btn btn-primary dropdown-toggle perm-ch ng-binding" type="button" id="Perm" data-toggle="dropdown" aria-haspopup="true" aria-expanded="false">...</button> is not clickable at point (519, 310). Other element would receive the click: <div class="col-sm-5 welcome-box float-left no-padding hide-mbl show-ipad">...</div>
  (Session info: chrome=91.0.4472.164)
Build info: version: '3.141.59', revision: 'e82be7d358', time: '2018-11-14T08:17:03'
System info: host: 'AKASHD', ip: '10.1.7.176', os.name: 'Windows 10', os.arch: 'amd64', os.version: '10.0', java.version: '1.8.0_66'
Driver info: org.openqa.selenium.chrome.ChromeDriver
Capabilities {acceptInsecureCerts: false, browserName: chrome, browserVersion: 91.0.4472.164, chrome: {chromedriverVersion: 90.0.4430.24 (4c6d850f087da..., userDataDir: C:\Users\akashd\AppData\Loc...}, goog:chromeOptions: {debuggerAddress: localhost:64927}, javascriptEnabled: true, networkConnectionEnabled: false, pageLoadStrategy: normal, platform: WINDOWS, platformName: WINDOWS, proxy: Proxy(), setWindowRect: true, strictFileInteractability: false, timeouts: {implicit: 0, pageLoad: 300000, script: 30000}, unhandledPromptBehavior: dismiss and notify, webauthn:extension:largeBlob: true, webauthn:virtualAuthenticators: true}
Session ID: de25b6fdac1ece0b1c27961e323a3cb6
	at org.openqa.selenium.remote.http.W3CHttpResponseCodec.createException(W3CHttpResponseCodec.java:187)
	at org.openqa.selenium.remote.http.W3CHttpResponseCodec.decode(W3CHttpResponseCodec.java:122)
	at org.openqa.selenium.remote.http.W3CHttpResponseCodec.decode(W3CHttpResponseCodec.java:49)
	at org.openqa.selenium.remote.HttpCommandExecutor.execute(HttpCommandExecutor.java:158)
	at org.openqa.selenium.remote.service.DriverCommandExecutor.execute(DriverCommandExecutor.java:83)
	at org.openqa.selenium.remote.RemoteWebDriver.execute(RemoteWebDriver.java:552)
	at org.openqa.selenium.remote.RemoteWebElement.execute(RemoteWebElement.java:285)
	at org.openqa.selenium.remote.RemoteWebElement.click(RemoteWebElement.java:84)
	at org.openqa.selenium.support.events.EventFiringWebDriver$EventFiringWebElement.lambda$new$0(EventFiringWebDriver.java:404)
	at com.sun.proxy.$Proxy12.click(Unknown Source)
	at org.openqa.selenium.support.events.EventFiringWebDriver$EventFiringWebElement.click(EventFiringWebDriver.java:417)
	at org.openqa.selenium.support.pagefactory.internal.LocatingElementHandler.invoke(LocatingElementHandler.java:51)
	at com.sun.proxy.$Proxy11.click(Unknown Source)
	at com.LottomaniaWeb.qa.pages.BetPlacePageForNap2.betTypeSelection(BetPlacePageForNap2.java:55)
	at com.LottomaniaWeb.qa.testcases.BetPlacePageForNap2Test.Nap2BetSelection(BetPlacePageForNap2Test.java:38)
... Removed 34 stack frames]]>
    </failure>
  </testcase> <!-- Nap2BetSelection -->
  <testcase name="Nap3BetSelection" time="5.667" classname="com.LottomaniaWeb.qa.testcases.BetPlacePageForNap3Test">
    <failure type="org.openqa.selenium.ElementClickInterceptedException" message="element click intercepted: Element &amp;lt;button class=&amp;quot;btn btn-primary dropdown-toggle perm-ch ng-binding&amp;quot; type=&amp;quot;button&amp;quot; id=&amp;quot;Perm&amp;quot; data-toggle=&amp;quot;dropdown&amp;quot; aria-haspopup=&amp;quot;true&amp;quot; aria-expanded=&amp;quot;false&amp;quot;&amp;gt;...&amp;lt;/button&amp;gt; is not clickable at point (519, 310). Other element would receive the click: &amp;lt;div class=&amp;quot;col-sm-5 welcome-box float-left no-padding hide-mbl show-ipad&amp;quot;&amp;gt;...&amp;lt;/div&amp;gt;
  (Session info: chrome=91.0.4472.164)
Build info: version: &amp;apos;3.141.59&amp;apos;, revision: &amp;apos;e82be7d358&amp;apos;, time: &amp;apos;2018-11-14T08:17:03&amp;apos;
System info: host: &amp;apos;AKASHD&amp;apos;, ip: &amp;apos;10.1.7.176&amp;apos;, os.name: &amp;apos;Windows 10&amp;apos;, os.arch: &amp;apos;amd64&amp;apos;, os.version: &amp;apos;10.0&amp;apos;, java.version: &amp;apos;1.8.0_66&amp;apos;
Driver info: org.openqa.selenium.chrome.ChromeDriver
Capabilities {acceptInsecureCerts: false, browserName: chrome, browserVersion: 91.0.4472.164, chrome: {chromedriverVersion: 90.0.4430.24 (4c6d850f087da..., userDataDir: C:\Users\akashd\AppData\Loc...}, goog:chromeOptions: {debuggerAddress: localhost:55047}, javascriptEnabled: true, networkConnectionEnabled: false, pageLoadStrategy: normal, platform: WINDOWS, platformName: WINDOWS, proxy: Proxy(), setWindowRect: true, strictFileInteractability: false, timeouts: {implicit: 0, pageLoad: 300000, script: 30000}, unhandledPromptBehavior: dismiss and notify, webauthn:extension:largeBlob: true, webauthn:virtualAuthenticators: true}
Session ID: 4e92706326f00db9a782755ce8401091">
      <![CDATA[org.openqa.selenium.ElementClickInterceptedException: element click intercepted: Element <button class="btn btn-primary dropdown-toggle perm-ch ng-binding" type="button" id="Perm" data-toggle="dropdown" aria-haspopup="true" aria-expanded="false">...</button> is not clickable at point (519, 310). Other element would receive the click: <div class="col-sm-5 welcome-box float-left no-padding hide-mbl show-ipad">...</div>
  (Session info: chrome=91.0.4472.164)
Build info: version: '3.141.59', revision: 'e82be7d358', time: '2018-11-14T08:17:03'
System info: host: 'AKASHD', ip: '10.1.7.176', os.name: 'Windows 10', os.arch: 'amd64', os.version: '10.0', java.version: '1.8.0_66'
Driver info: org.openqa.selenium.chrome.ChromeDriver
Capabilities {acceptInsecureCerts: false, browserName: chrome, browserVersion: 91.0.4472.164, chrome: {chromedriverVersion: 90.0.4430.24 (4c6d850f087da..., userDataDir: C:\Users\akashd\AppData\Loc...}, goog:chromeOptions: {debuggerAddress: localhost:55047}, javascriptEnabled: true, networkConnectionEnabled: false, pageLoadStrategy: normal, platform: WINDOWS, platformName: WINDOWS, proxy: Proxy(), setWindowRect: true, strictFileInteractability: false, timeouts: {implicit: 0, pageLoad: 300000, script: 30000}, unhandledPromptBehavior: dismiss and notify, webauthn:extension:largeBlob: true, webauthn:virtualAuthenticators: true}
Session ID: 4e92706326f00db9a782755ce8401091
	at org.openqa.selenium.remote.http.W3CHttpResponseCodec.createException(W3CHttpResponseCodec.java:187)
	at org.openqa.selenium.remote.http.W3CHttpResponseCodec.decode(W3CHttpResponseCodec.java:122)
	at org.openqa.selenium.remote.http.W3CHttpResponseCodec.decode(W3CHttpResponseCodec.java:49)
	at org.openqa.selenium.remote.HttpCommandExecutor.execute(HttpCommandExecutor.java:158)
	at org.openqa.selenium.remote.service.DriverCommandExecutor.execute(DriverCommandExecutor.java:83)
	at org.openqa.selenium.remote.RemoteWebDriver.execute(RemoteWebDriver.java:552)
	at org.openqa.selenium.remote.RemoteWebElement.execute(RemoteWebElement.java:285)
	at org.openqa.selenium.remote.RemoteWebElement.click(RemoteWebElement.java:84)
	at org.openqa.selenium.support.events.EventFiringWebDriver$EventFiringWebElement.lambda$new$0(EventFiringWebDriver.java:404)
	at com.sun.proxy.$Proxy12.click(Unknown Source)
	at org.openqa.selenium.support.events.EventFiringWebDriver$EventFiringWebElement.click(EventFiringWebDriver.java:417)
	at org.openqa.selenium.support.pagefactory.internal.LocatingElementHandler.invoke(LocatingElementHandler.java:51)
	at com.sun.proxy.$Proxy11.click(Unknown Source)
	at com.LottomaniaWeb.qa.pages.BetPlacePageForNap3.betTypeSelection(BetPlacePageForNap3.java:55)
	at com.LottomaniaWeb.qa.testcases.BetPlacePageForNap3Test.Nap3BetSelection(BetPlacePageForNap3Test.java:38)
... Removed 34 stack frames]]>
    </failure>
  </testcase> <!-- Nap3BetSelection -->
  <testcase name="Nap4BetSelection" time="23.696" classname="com.LottomaniaWeb.qa.testcases.BetPlacePageForNap4Test"/>
  <testcase name="Nap5BetSelection" time="26.464" classname="com.LottomaniaWeb.qa.testcases.BetPlacePageForNap5Test"/>
  <testcase name="Perm2BetSelection" time="22.437" classname="com.LottomaniaWeb.qa.testcases.BetPlacePageForPerm2Test"/>
  <testcase name="Perm2BetSelection1" time="11.07" classname="com.LottomaniaWeb.qa.testcases.BetPlacePageForPerm2Test"/>
  <testcase name="Perm3BetSelection" time="17.832" classname="com.LottomaniaWeb.qa.testcases.BetPlacePageForPerm3Test"/>
  <testcase name="Perm3BetSelectionMachine" time="10.051" classname="com.LottomaniaWeb.qa.testcases.BetPlacePageForPerm3Test"/>
  <testcase name="Perm4BetSelectionNormal" time="11.386" classname="com.LottomaniaWeb.qa.testcases.BetPlacePageForPerm4Test"/>
  <testcase name="Perm4BetSelectionDouble" time="17.86" classname="com.LottomaniaWeb.qa.testcases.BetPlacePageForPerm4Test"/>
  <testcase name="Perm4BetSelectionMachine" time="11.144" classname="com.LottomaniaWeb.qa.testcases.BetPlacePageForPerm4Test"/>
  <testcase name="Perm5BetSelectionNormal" time="0.0" classname="com.LottomaniaWeb.qa.testcases.BetPlacePageForPerm5Test">
    <skipped/>
  </testcase> <!-- Perm5BetSelectionNormal -->
  <testcase name="Perm5BetSelectionDouble" time="0.0" classname="com.LottomaniaWeb.qa.testcases.BetPlacePageForPerm5Test">
    <skipped/>
  </testcase> <!-- Perm5BetSelectionDouble -->
  <testcase name="Perm5BetSelectionMachine" time="0.0" classname="com.LottomaniaWeb.qa.testcases.BetPlacePageForPerm5Test">
    <skipped/>
  </testcase> <!-- Perm5BetSelectionMachine -->
  <testcase name="Turbo2BetSelection" time="5.382" classname="com.LottomaniaWeb.qa.testcases.BetPlacePageForTurbo2Test"/>
  <testcase name="Turbo2BetSelection" time="5.074" classname="com.LottomaniaWeb.qa.testcases.BetPlacePageForTurbo3Test"/>
  <testcase name="Turbo2BetSelection" time="4.954" classname="com.LottomaniaWeb.qa.testcases.BetPlacePageForTurbo4Test"/>
  <testcase name="Turbo5BetSelection" time="5.19" classname="com.LottomaniaWeb.qa.testcases.BetPlacePageForTurbo5Test"/>
  <testcase name="Turbo2BetSelection" time="5.866" classname="com.LottomaniaWeb.qa.testcases.BetPlacePageForTurbo2SplitTest"/>
  <testcase name="Extra6BetSelection" time="4.299" classname="com.LottomaniaWeb.qa.testcases.BetPlacePageForExtra6Test"/>
  <testcase name="Extra7BetSelection" time="5.359" classname="com.LottomaniaWeb.qa.testcases.BetPlacePageForExtra7Test"/>
</testsuite> <!-- Lottomania Web Player Test Cases -->
